[0.010s] Invoking command in '/home/fra/master_ws_2/build/custom_robot_gazebo': /usr/bin/cmake --build /home/fra/master_ws_2/build/custom_robot_gazebo -- -j12 -l12
[0.035s] -- Found ament_cmake: 1.3.11 (/opt/ros/humble/share/ament_cmake/cmake)
[0.163s] -- Found controller_manager: 2.47.0 (/opt/ros/humble/share/controller_manager/cmake)
[0.198s] -- Found rosidl_generator_c: 3.1.6 (/opt/ros/humble/share/rosidl_generator_c/cmake)
[0.201s] -- Found rosidl_adapter: 3.1.6 (/opt/ros/humble/share/rosidl_adapter/cmake)
[0.209s] -- Found rosidl_generator_cpp: 3.1.6 (/opt/ros/humble/share/rosidl_generator_cpp/cmake)
[0.220s] -- Using all available rosidl_typesupport_c: rosidl_typesupport_fastrtps_c;rosidl_typesupport_introspection_c
[0.234s] -- Using all available rosidl_typesupport_cpp: rosidl_typesupport_fastrtps_cpp;rosidl_typesupport_introspection_cpp
[0.423s] -- Found rmw_implementation_cmake: 6.1.2 (/opt/ros/humble/share/rmw_implementation_cmake/cmake)
[0.425s] -- Found rmw_fastrtps_cpp: 6.2.7 (/opt/ros/humble/share/rmw_fastrtps_cpp/cmake)
[0.447s] -- Found TinyXML2 via Config file: TinyXML2_DIR-NOTFOUND
[0.456s] -- Found TinyXML2 via Config file: TinyXML2_DIR-NOTFOUND
[0.469s] -- Found TinyXML2 via Config file: TinyXML2_DIR-NOTFOUND
[0.476s] -- Found TinyXML2 via Config file: TinyXML2_DIR-NOTFOUND
[0.483s] -- Using RMW implementation 'rmw_fastrtps_cpp' as default
[0.571s] -- Found robot_state_publisher: 3.0.3 (/opt/ros/humble/share/robot_state_publisher/cmake)
[0.577s] -- Found eigen3_cmake_module: 0.1.1 (/opt/ros/humble/share/eigen3_cmake_module/cmake)
[0.578s] -- Ensuring Eigen3 include directory is part of orocos-kdl CMake target
[0.643s] -- Found ament_lint_auto: 0.12.11 (/opt/ros/humble/share/ament_lint_auto/cmake)
[0.705s] Error parsing '/home/fra/master_ws_2/src/custom_robot_gazebo/package.xml':
[0.742s] Traceback (most recent call last):
[0.742s]   File "/opt/ros/humble/share/ament_cmake_core/cmake/core/package_xml_2_cmake.py", line 150, in <module>
[0.742s]     main()
[0.742s]   File "/opt/ros/humble/share/ament_cmake_core/cmake/core/package_xml_2_cmake.py", line 53, in main
[0.742s]     raise e
[0.742s]   File "/opt/ros/humble/share/ament_cmake_core/cmake/core/package_xml_2_cmake.py", line 49, in main
[0.742s]     package = parse_package_string(
[0.742s]   File "/usr/lib/python3/dist-packages/catkin_pkg/package.py", line 786, in parse_package_string
[0.742s]     raise InvalidPackage('Error(s):%s' % (''.join(['\n- %s' % e for e in errors])), filename)
[0.743s] catkin_pkg.package.InvalidPackage: Error(s) in package '/home/fra/master_ws_2/src/custom_robot_gazebo/package.xml':
[0.743s] Error(s):
[0.743s] - The generic dependency on 'controller_manager' is redundant with: exec_depend
[0.743s] - The generic dependency on 'robot_state_publisher' is redundant with: exec_depend
[0.756s] [31mCMake Error at /opt/ros/humble/share/ament_cmake_core/cmake/core/ament_package_xml.cmake:95 (message):
[0.756s]   execute_process(/usr/bin/python3
[0.756s]   /opt/ros/humble/share/ament_cmake_core/cmake/core/package_xml_2_cmake.py
[0.756s]   /home/fra/master_ws_2/src/custom_robot_gazebo/package.xml
[0.756s]   /home/fra/master_ws_2/build/custom_robot_gazebo/ament_cmake_core/package.cmake)
[0.756s]   returned error code 1
[0.756s] Call Stack (most recent call first):
[0.756s]   /opt/ros/humble/share/ament_cmake_core/cmake/core/ament_package_xml.cmake:49 (_ament_package_xml)
[0.756s]   /opt/ros/humble/share/ament_lint_auto/cmake/ament_lint_auto_find_test_dependencies.cmake:31 (ament_package_xml)
[0.756s]   CMakeLists.txt:24 (ament_lint_auto_find_test_dependencies)
[0.756s] 
[0.757s] [0m
[0.757s] -- Configuring incomplete, errors occurred!
[0.757s] See also "/home/fra/master_ws_2/build/custom_robot_gazebo/CMakeFiles/CMakeOutput.log".
[0.763s] gmake: *** [Makefile:226: cmake_check_build_system] Error 1
[0.764s] Invoked command in '/home/fra/master_ws_2/build/custom_robot_gazebo' returned '2': /usr/bin/cmake --build /home/fra/master_ws_2/build/custom_robot_gazebo -- -j12 -l12
